\BOOKMARK [0][-]{chapter.1}{1 Introduction}{}% 1
\BOOKMARK [1][-]{section.1.1}{1.1 Motivation}{chapter.1}% 2
\BOOKMARK [1][-]{section.1.2}{1.2 Problem definition}{chapter.1}% 3
\BOOKMARK [1][-]{section.1.3}{1.3 Thesis/Diplom/Bachelor/Master Structure}{chapter.1}% 4
\BOOKMARK [0][-]{chapter.2}{2 Materials and Methods}{}% 5
\BOOKMARK [1][-]{section.2.1}{2.1 Wireless Sensor Networks}{chapter.2}% 6
\BOOKMARK [1][-]{section.2.2}{2.2 Radio Tomographic Imaging}{chapter.2}% 7
\BOOKMARK [1][-]{section.2.3}{2.3 Timeslots}{chapter.2}% 8
\BOOKMARK [1][-]{section.2.4}{2.4 Testbed}{chapter.2}% 9
\BOOKMARK [2][-]{subsection.2.4.1}{2.4.1 Motes}{section.2.4}% 10
\BOOKMARK [2][-]{subsection.2.4.2}{2.4.2 TinyOs}{section.2.4}% 11
\BOOKMARK [0][-]{chapter.3}{3 Approach}{}% 12
\BOOKMARK [1][-]{section.3.1}{3.1 Control Point}{chapter.3}% 13
\BOOKMARK [1][-]{section.3.2}{3.2 Calibration}{chapter.3}% 14
\BOOKMARK [2][-]{subsection.3.2.1}{3.2.1 Path Quality}{section.3.2}% 15
\BOOKMARK [1][-]{section.3.3}{3.3 Collection}{chapter.3}% 16
\BOOKMARK [1][-]{section.3.4}{3.4 Creating the Schedule}{chapter.3}% 17
\BOOKMARK [1][-]{section.3.5}{3.5 Spreading the Schedule}{chapter.3}% 18
\BOOKMARK [1][-]{section.3.6}{3.6 Sampling}{chapter.3}% 19
\BOOKMARK [0][-]{chapter.4}{4 Implementation}{}% 20
\BOOKMARK [1][-]{section.4.1}{4.1 Java Application}{chapter.4}% 21
\BOOKMARK [1][-]{section.4.2}{4.2 Calibration}{chapter.4}% 22
\BOOKMARK [1][-]{section.4.3}{4.3 Collection}{chapter.4}% 23
\BOOKMARK [1][-]{section.4.4}{4.4 Creating the Schedule}{chapter.4}% 24
\BOOKMARK [1][-]{section.4.5}{4.5 Spreading the Schedule}{chapter.4}% 25
\BOOKMARK [1][-]{section.4.6}{4.6 Sampling}{chapter.4}% 26
\BOOKMARK [0][-]{chapter.5}{5 Evaluation}{}% 27
\BOOKMARK [0][-]{chapter.6}{6 Discussion}{}% 28
\BOOKMARK [0][-]{chapter.7}{7 Acknowledgements}{}% 29
